# JRE version: Java(TM) SE Runtime Environment (7.0_79-b15) (build 1.7.0_79-b15)
# Java VM: Java HotSpot(TM) 64-Bit Server VM (24.79-b02 mixed mode windows-amd64 compressed oops)
Heap
 PSYoungGen      total 262656K, used 100961K [0x00000000eaa80000, 0x0000000100000000, 0x0000000100000000)
  eden space 182784K, 11% used [0x00000000eaa80000,0x00000000ebf1b3b0,0x00000000f5d00000)
  from space 79872K, 99% used [0x00000000f6400000,0x00000000fb1fd220,0x00000000fb200000)
  to   space 79872K, 0% used [0x00000000fb200000,0x00000000fb200000,0x0000000100000000)
 ParOldGen       total 212992K, used 141700K [0x00000000c0000000, 0x00000000cd000000, 0x00000000eaa80000)
  object space 212992K, 66% used [0x00000000c0000000,0x00000000c8a61060,0x00000000cd000000)
 PSPermGen       total 21504K, used 6061K [0x00000000bae00000, 0x00000000bc300000, 0x00000000c0000000)
  object space 21504K, 28% used [0x00000000bae00000,0x00000000bb3eb5d0,0x00000000bc300000)
GC Heap History (10 events):
Event: 18.075 GC heap before
{Heap before GC invocations=7 (full 0):
 PSYoungGen      total 145408K, used 145382K [0x00000000eaa80000, 0x00000000f6080000, 0x0000000100000000)
  eden space 127488K, 100% used [0x00000000eaa80000,0x00000000f2700000,0x00000000f2700000)
  from space 17920K, 99% used [0x00000000f4000000,0x00000000f5179a28,0x00000000f5180000)
  to   space 25600K, 0% used [0x00000000f2700000,0x00000000f2700000,0x00000000f4000000)
 ParOldGen       total 87040K, used 31083K [0x00000000c0000000, 0x00000000c5500000, 0x00000000eaa80000)
  object space 87040K, 35% used [0x00000000c0000000,0x00000000c1e5ac30,0x00000000c5500000)
 PSPermGen       total 21504K, used 6039K [0x00000000bae00000, 0x00000000bc300000, 0x00000000c0000000)
  object space 21504K, 28% used [0x00000000bae00000,0x00000000bb3e5e50,0x00000000bc300000)
Event: 18.237 GC heap after
Heap after GC invocations=7 (full 0):
 PSYoungGen      total 153088K, used 25598K [0x00000000eaa80000, 0x0000000100000000, 0x0000000100000000)
  eden space 127488K, 0% used [0x00000000eaa80000,0x00000000eaa80000,0x00000000f2700000)
  from space 25600K, 99% used [0x00000000f2700000,0x00000000f3fff9c8,0x00000000f4000000)
  to   space 55296K, 0% used [0x00000000fca00000,0x00000000fca00000,0x0000000100000000)
 ParOldGen       total 87040K, used 80713K [0x00000000c0000000, 0x00000000c5500000, 0x00000000eaa80000)
  object space 87040K, 92% used [0x00000000c0000000,0x00000000c4ed2428,0x00000000c5500000)
 PSPermGen       total 21504K, used 6039K [0x00000000bae00000, 0x00000000bc300000, 0x00000000c0000000)
  object space 21504K, 28% used [0x00000000bae00000,0x00000000bb3e5e50,0x00000000bc300000)
}
Event: 18.237 GC heap before
{Heap before GC invocations=8 (full 1):
 PSYoungGen      total 153088K, used 25598K [0x00000000eaa80000, 0x0000000100000000, 0x0000000100000000)
  eden space 127488K, 0% used [0x00000000eaa80000,0x00000000eaa80000,0x00000000f2700000)
  from space 25600K, 99% used [0x00000000f2700000,0x00000000f3fff9c8,0x00000000f4000000)
  to   space 55296K, 0% used [0x00000000fca00000,0x00000000fca00000,0x0000000100000000)
 ParOldGen       total 87040K, used 80713K [0x00000000c0000000, 0x00000000c5500000, 0x00000000eaa80000)
  object space 87040K, 92% used [0x00000000c0000000,0x00000000c4ed2428,0x00000000c5500000)
 PSPermGen       total 21504K, used 6039K [0x00000000bae00000, 0x00000000bc300000, 0x00000000c0000000)
  object space 21504K, 28% used [0x00000000bae00000,0x00000000bb3e5e50,0x00000000bc300000)
Event: 21.520 GC heap after
Heap after GC invocations=8 (full 1):
 PSYoungGen      total 153088K, used 8496K [0x00000000eaa80000, 0x0000000100000000, 0x0000000100000000)
  eden space 127488K, 0% used [0x00000000eaa80000,0x00000000eaa80000,0x00000000f2700000)
  from space 25600K, 33% used [0x00000000f2700000,0x00000000f2f4c308,0x00000000f4000000)
  to   space 55296K, 0% used [0x00000000fca00000,0x00000000fca00000,0x0000000100000000)
 ParOldGen       total 87040K, used 86536K [0x00000000c0000000, 0x00000000c5500000, 0x00000000eaa80000)
  object space 87040K, 99% used [0x00000000c0000000,0x00000000c5482128,0x00000000c5500000)
 PSPermGen       total 21504K, used 6035K [0x00000000bae00000, 0x00000000bc300000, 0x00000000c0000000)
  object space 21504K, 28% used [0x00000000bae00000,0x00000000bb3e4e10,0x00000000bc300000)
}
Event: 21.840 GC heap before
{Heap before GC invocations=9 (full 2):
 PSYoungGen      total 153088K, used 135984K [0x00000000eaa80000, 0x0000000100000000, 0x0000000100000000)
  eden space 127488K, 100% used [0x00000000eaa80000,0x00000000f2700000,0x00000000f2700000)
  from space 25600K, 33% used [0x00000000f2700000,0x00000000f2f4c308,0x00000000f4000000)
  to   space 55296K, 0% used [0x00000000fca00000,0x00000000fca00000,0x0000000100000000)
 ParOldGen       total 87040K, used 86536K [0x00000000c0000000, 0x00000000c5500000, 0x00000000eaa80000)
  object space 87040K, 99% used [0x00000000c0000000,0x00000000c5482128,0x00000000c5500000)
 PSPermGen       total 21504K, used 6052K [0x00000000bae00000, 0x00000000bc300000, 0x00000000c0000000)
  object space 21504K, 28% used [0x00000000bae00000,0x00000000bb3e9108,0x00000000bc300000)
Event: 23.626 GC heap after
Heap after GC invocations=9 (full 2):
 PSYoungGen      total 153088K, used 68153K [0x00000000eaa80000, 0x0000000100000000, 0x0000000100000000)
  eden space 127488K, 53% used [0x00000000eaa80000,0x00000000eed0e7c8,0x00000000f2700000)
  from space 25600K, 0% used [0x00000000f2700000,0x00000000f2700000,0x00000000f4000000)
  to   space 55296K, 0% used [0x00000000fca00000,0x00000000fca00000,0x0000000100000000)
 ParOldGen       total 212992K, used 86989K [0x00000000c0000000, 0x00000000cd000000, 0x00000000eaa80000)
  object space 212992K, 40% used [0x00000000c0000000,0x00000000c54f35d0,0x00000000cd000000)
 PSPermGen       total 21504K, used 6052K [0x00000000bae00000, 0x00000000bc300000, 0x00000000c0000000)
  object space 21504K, 28% used [0x00000000bae00000,0x00000000bb3e9108,0x00000000bc300000)
}
Event: 23.824 GC heap before
{Heap before GC invocations=10 (full 2):
 PSYoungGen      total 153088K, used 127488K [0x00000000eaa80000, 0x0000000100000000, 0x0000000100000000)
  eden space 127488K, 100% used [0x00000000eaa80000,0x00000000f2700000,0x00000000f2700000)
  from space 25600K, 0% used [0x00000000f2700000,0x00000000f2700000,0x00000000f4000000)
  to   space 55296K, 0% used [0x00000000fca00000,0x00000000fca00000,0x0000000100000000)
 ParOldGen       total 212992K, used 86989K [0x00000000c0000000, 0x00000000cd000000, 0x00000000eaa80000)
  object space 212992K, 40% used [0x00000000c0000000,0x00000000c54f35d0,0x00000000cd000000)
 PSPermGen       total 21504K, used 6054K [0x00000000bae00000, 0x00000000bc300000, 0x00000000c0000000)
  object space 21504K, 28% used [0x00000000bae00000,0x00000000bb3e98d0,0x00000000bc300000)
Event: 24.910 GC heap after
Heap after GC invocations=10 (full 2):
 PSYoungGen      total 211968K, used 55270K [0x00000000eaa80000, 0x0000000100000000, 0x0000000100000000)
  eden space 156672K, 0% used [0x00000000eaa80000,0x00000000eaa80000,0x00000000f4380000)
  from space 55296K, 99% used [0x00000000fca00000,0x00000000ffff9b60,0x0000000100000000)
  to   space 79872K, 0% used [0x00000000f6400000,0x00000000f6400000,0x00000000fb200000)
 ParOldGen       total 212992K, used 118309K [0x00000000c0000000, 0x00000000cd000000, 0x00000000eaa80000)
  object space 212992K, 55% used [0x00000000c0000000,0x00000000c73895d0,0x00000000cd000000)
 PSPermGen       total 21504K, used 6054K [0x00000000bae00000, 0x00000000bc300000, 0x00000000c0000000)
  object space 21504K, 28% used [0x00000000bae00000,0x00000000bb3e98d0,0x00000000bc300000)
}
Event: 27.003 GC heap before
{Heap before GC invocations=11 (full 2):
 PSYoungGen      total 211968K, used 211942K [0x00000000eaa80000, 0x0000000100000000, 0x0000000100000000)
  eden space 156672K, 100% used [0x00000000eaa80000,0x00000000f4380000,0x00000000f4380000)
  from space 55296K, 99% used [0x00000000fca00000,0x00000000ffff9b60,0x0000000100000000)
  to   space 79872K, 0% used [0x00000000f6400000,0x00000000f6400000,0x00000000fb200000)
 ParOldGen       total 212992K, used 118309K [0x00000000c0000000, 0x00000000cd000000, 0x00000000eaa80000)
  object space 212992K, 55% used [0x00000000c0000000,0x00000000c73895d0,0x00000000cd000000)
 PSPermGen       total 21504K, used 6060K [0x00000000bae00000, 0x00000000bc300000, 0x00000000c0000000)
  object space 21504K, 28% used [0x00000000bae00000,0x00000000bb3eb380,0x00000000bc300000)
Event: 27.973 GC heap after
Heap after GC invocations=11 (full 2):
 PSYoungGen      total 262656K, used 79860K [0x00000000eaa80000, 0x0000000100000000, 0x0000000100000000)
  eden space 182784K, 0% used [0x00000000eaa80000,0x00000000eaa80000,0x00000000f5d00000)
  from space 79872K, 99% used [0x00000000f6400000,0x00000000fb1fd220,0x00000000fb200000)
  to   space 79872K, 0% used [0x00000000fb200000,0x00000000fb200000,0x0000000100000000)
 ParOldGen       total 212992K, used 141700K [0x00000000c0000000, 0x00000000cd000000, 0x00000000eaa80000)
  object space 212992K, 66% used [0x00000000c0000000,0x00000000c8a61060,0x00000000cd000000)
 PSPermGen       total 21504K, used 6060K [0x00000000bae00000, 0x00000000bc300000, 0x00000000c0000000)
  object space 21504K, 28% used [0x00000000bae00000,0x00000000bb3eb380,0x00000000bc300000)
}

